<?xml version="1.0" encoding="UTF-8"?>
<!-- Generated by org.testng.reporters.JUnitXMLReporter -->
<testsuite hostname="rafal" name="Default test" tests="16" failures="1" timestamp="14 Apr 2015 18:54:20 GMT" time="85.576" errors="0">
  <testcase name="CheckboxInFilterShouldBeLinked" time="1.483" classname="Tests.WhenUserDisplayedAddNewTextMessageView"/>
  <testcase name="CheckboxInFilterShouldBeLinked" time="1.045" classname="Tests.WhenUserDisplayedAddNewTextMessageView"/>
  <testcase name="CheckboxInFilterShouldBeLinked" time="0.91" classname="Tests.WhenUserDisplayedAddNewTextMessageView"/>
  <testcase name="CheckboxInFilterShouldBeLinked" time="1.061" classname="Tests.WhenUserDisplayedAddNewTextMessageView"/>
  <testcase name="CheckboxInFilterShouldBeLinked" time="1.27" classname="Tests.WhenUserDisplayedAddNewTextMessageView"/>
  <testcase name="CheckboxInFilterShouldBeLinked" time="1.22" classname="Tests.WhenUserDisplayedAddNewTextMessageView"/>
  <testcase name="PageShouldHaveCorrectTitle" time="0.192" classname="Tests.WhenUserDisplayedAddNewTextMessageView"/>
  <testcase name="PageShouldHaveExtaraButtonWnehUserCheckSpecificFollowers" time="4.109" classname="Tests.WhenUserDisplayedAddNewTextMessageView"/>
  <testcase name="PageShouldHaveFewParameters" time="0.12" classname="Tests.WhenUserDisplayedAddNewTextMessageView"/>
  <testcase name="PageShouldHaveFewParameters" time="0.211" classname="Tests.WhenUserDisplayedAddNewTextMessageView"/>
  <testcase name="PageShouldHaveFewParameters" time="0.148" classname="Tests.WhenUserDisplayedAddNewTextMessageView"/>
  <testcase name="PageShouldHaveFewParameters" time="0.141" classname="Tests.WhenUserDisplayedAddNewTextMessageView"/>
  <testcase name="PageShouldHaveFewParameters" time="0.13" classname="Tests.WhenUserDisplayedAddNewTextMessageView"/>
  <testcase name="PageShouldHaveFewParameters" time="0.137" classname="Tests.WhenUserDisplayedAddNewTextMessageView"/>
  <testcase name="PageShouldHaveTextControlAndDoneButton" time="0.336" classname="Tests.WhenUserDisplayedAddNewTextMessageView"/>
  <testcase name="ShouldDisplayedWallWhenUserSelectDone" time="15.31" classname="Tests.WhenUserDisplayedAddNewTextMessageView">
    <failure type="java.lang.IndexOutOfBoundsException" message="Index: 0, Size: 0">
      <![CDATA[java.lang.IndexOutOfBoundsException: Index: 0, Size: 0
	at java.util.ArrayList.rangeCheck(Unknown Source)
	at java.util.ArrayList.get(Unknown Source)
	at Base.UI.Click(UI.java:69)
	at Page.AddPostPage.TapDone(AddPostPage.java:18)
	at Tests.WhenUserDisplayedAddNewTextMessageView.ShouldDisplayedWallWhenUserSelectDone(WhenUserDisplayedAddNewTextMessageView.java:65)
	at sun.reflect.NativeMethodAccessorImpl.invoke0(Native Method)
	at sun.reflect.NativeMethodAccessorImpl.invoke(Unknown Source)
	at sun.reflect.DelegatingMethodAccessorImpl.invoke(Unknown Source)
	at java.lang.reflect.Method.invoke(Unknown Source)
	at org.testng.internal.MethodInvocationHelper.invokeMethod(MethodInvocationHelper.java:84)
	at org.testng.internal.Invoker.invokeMethod(Invoker.java:714)
	at org.testng.internal.Invoker.invokeTestMethod(Invoker.java:901)
	at org.testng.internal.Invoker.invokeTestMethods(Invoker.java:1231)
	at org.testng.internal.TestMethodWorker.invokeTestMethods(TestMethodWorker.java:127)
	at org.testng.internal.TestMethodWorker.run(TestMethodWorker.java:111)
	at org.testng.TestRunner.privateRun(TestRunner.java:767)
	at org.testng.TestRunner.run(TestRunner.java:617)
	at org.testng.SuiteRunner.runTest(SuiteRunner.java:334)
	at org.testng.SuiteRunner.runSequentially(SuiteRunner.java:329)
	at org.testng.SuiteRunner.privateRun(SuiteRunner.java:291)
	at org.testng.SuiteRunner.run(SuiteRunner.java:240)
	at org.testng.SuiteRunnerWorker.runSuite(SuiteRunnerWorker.java:52)
	at org.testng.SuiteRunnerWorker.run(SuiteRunnerWorker.java:86)
	at org.testng.TestNG.runSuitesSequentially(TestNG.java:1224)
	at org.testng.TestNG.runSuitesLocally(TestNG.java:1149)
	at org.testng.TestNG.run(TestNG.java:1057)
	at org.testng.remote.RemoteTestNG.run(RemoteTestNG.java:111)
	at org.testng.remote.RemoteTestNG.initAndRun(RemoteTestNG.java:204)
	at org.testng.remote.RemoteTestNG.main(RemoteTestNG.java:175)
]]>
    </failure>
  </testcase> <!-- ShouldDisplayedWallWhenUserSelectDone -->
</testsuite> <!-- Default test -->
