<?xml version="1.0" encoding="UTF-8"?>
<!-- Generated by org.testng.reporters.JUnitXMLReporter -->
<testsuite hostname="rafal" name="Default test" tests="14" failures="0" timestamp="26 Nov 2014 16:59:17 GMT" time="115.058" errors="0">
  <testcase name="CheckboxInFilterShouldBeLinked" time="3.054" classname="Tests.WhenUserDisplayedAddNewTextMessageView"/>
  <testcase name="CheckboxInFilterShouldBeLinked" time="2.739" classname="Tests.WhenUserDisplayedAddNewTextMessageView"/>
  <testcase name="CheckboxInFilterShouldBeLinked" time="2.694" classname="Tests.WhenUserDisplayedAddNewTextMessageView"/>
  <testcase name="CheckboxInFilterShouldBeLinked" time="3.057" classname="Tests.WhenUserDisplayedAddNewTextMessageView"/>
  <testcase name="CheckboxInFilterShouldBeLinked" time="2.897" classname="Tests.WhenUserDisplayedAddNewTextMessageView"/>
  <testcase name="CheckboxInFilterShouldBeLinked" time="2.92" classname="Tests.WhenUserDisplayedAddNewTextMessageView"/>
  <testcase name="PageShouldHaveCorrectTitle" time="0.554" classname="Tests.WhenUserDisplayedAddNewTextMessageView"/>
  <testcase name="PageShouldHaveFewParameters" time="0.69" classname="Tests.WhenUserDisplayedAddNewTextMessageView"/>
  <testcase name="PageShouldHaveFewParameters" time="0.511" classname="Tests.WhenUserDisplayedAddNewTextMessageView"/>
  <testcase name="PageShouldHaveFewParameters" time="0.458" classname="Tests.WhenUserDisplayedAddNewTextMessageView"/>
  <testcase name="PageShouldHaveFewParameters" time="0.444" classname="Tests.WhenUserDisplayedAddNewTextMessageView"/>
  <testcase name="PageShouldHaveFewParameters" time="0.478" classname="Tests.WhenUserDisplayedAddNewTextMessageView"/>
  <testcase name="PageShouldHaveFewParameters" time="0.584" classname="Tests.WhenUserDisplayedAddNewTextMessageView"/>
  <testcase name="PageShouldHaveTextControlAndDoneButton" time="0.903" classname="Tests.WhenUserDisplayedAddNewTextMessageView"/>
</testsuite> <!-- Default test -->
