<?xml version="1.0" encoding="UTF-8"?>
<testng-results skipped="0" failed="0" total="2" passed="2">
  <reporter-output>
  </reporter-output>
  <suite name="Default suite" duration-ms="191460" started-at="2014-12-01T17:35:41Z" finished-at="2014-12-01T17:38:53Z">
    <groups>
    </groups>
    <test name="Default test" duration-ms="191460" started-at="2014-12-01T17:35:41Z" finished-at="2014-12-01T17:38:53Z">
      <class name="Tests.WhenUserAddNewMessageToAppliaction">
        <test-method status="PASS" signature="setUp()[pri:0, instance:Tests.WhenUserAddNewMessageToAppliaction@6f3ee250]" name="setUp" is-config="true" duration-ms="10927" started-at="2014-12-01T18:35:41Z" finished-at="2014-12-01T18:35:52Z">
          <reporter-output>
          </reporter-output>
        </test-method> <!-- setUp -->
        <test-method status="PASS" signature="MessageSchouldByPresentInProfileViewList()[pri:0, instance:Tests.WhenUserAddNewMessageToAppliaction@6f3ee250]" name="MessageSchouldByPresentInProfileViewList" duration-ms="121482" started-at="2014-12-01T18:35:52Z" finished-at="2014-12-01T18:37:54Z">
          <reporter-output>
          </reporter-output>
        </test-method> <!-- MessageSchouldByPresentInProfileViewList -->
        <test-method status="PASS" signature="BackToWallPage()[pri:0, instance:Tests.WhenUserAddNewMessageToAppliaction@6f3ee250]" name="BackToWallPage" is-config="true" duration-ms="7699" started-at="2014-12-01T18:37:56Z" finished-at="2014-12-01T18:38:03Z">
          <reporter-output>
          </reporter-output>
        </test-method> <!-- BackToWallPage -->
        <test-method status="PASS" signature="ScreenshotWhenFail(org.testng.ITestResult)[pri:0, instance:Tests.WhenUserAddNewMessageToAppliaction@6f3ee250]" name="ScreenshotWhenFail" is-config="true" duration-ms="0" started-at="2014-12-01T18:38:03Z" finished-at="2014-12-01T18:38:03Z">
          <params>
            <param index="0">
              <value>
                <![CDATA[[TestResult name=MessageSchouldByPresentInProfileViewList status=SUCCESS method=WhenUserAddNewMessageToAppliaction.MessageSchouldByPresentInProfileViewList()[pri:0, instance:Tests.WhenUserAddNewMessageToAppliaction@6f3ee250] output={null}]]]>
              </value>
            </param>
          </params>
          <reporter-output>
          </reporter-output>
        </test-method> <!-- ScreenshotWhenFail -->
        <test-method status="PASS" signature="MessageSchouldByPresentInWall()[pri:0, instance:Tests.WhenUserAddNewMessageToAppliaction@6f3ee250]" name="MessageSchouldByPresentInWall" duration-ms="47106" started-at="2014-12-01T18:38:03Z" finished-at="2014-12-01T18:38:50Z">
          <reporter-output>
          </reporter-output>
        </test-method> <!-- MessageSchouldByPresentInWall -->
        <test-method status="PASS" signature="BackToWallPage()[pri:0, instance:Tests.WhenUserAddNewMessageToAppliaction@6f3ee250]" name="BackToWallPage" is-config="true" duration-ms="252" started-at="2014-12-01T18:38:51Z" finished-at="2014-12-01T18:38:52Z">
          <reporter-output>
          </reporter-output>
        </test-method> <!-- BackToWallPage -->
        <test-method status="PASS" signature="ScreenshotWhenFail(org.testng.ITestResult)[pri:0, instance:Tests.WhenUserAddNewMessageToAppliaction@6f3ee250]" name="ScreenshotWhenFail" is-config="true" duration-ms="1" started-at="2014-12-01T18:38:52Z" finished-at="2014-12-01T18:38:52Z">
          <params>
            <param index="0">
              <value>
                <![CDATA[[TestResult name=MessageSchouldByPresentInWall status=SUCCESS method=WhenUserAddNewMessageToAppliaction.MessageSchouldByPresentInWall()[pri:0, instance:Tests.WhenUserAddNewMessageToAppliaction@6f3ee250] output={null}]]]>
              </value>
            </param>
          </params>
          <reporter-output>
          </reporter-output>
        </test-method> <!-- ScreenshotWhenFail -->
        <test-method status="PASS" signature="tearDown()[pri:0, instance:Tests.WhenUserAddNewMessageToAppliaction@6f3ee250]" name="tearDown" is-config="true" duration-ms="1002" started-at="2014-12-01T18:38:52Z" finished-at="2014-12-01T18:38:53Z">
          <reporter-output>
          </reporter-output>
        </test-method> <!-- tearDown -->
      </class> <!-- Tests.WhenUserAddNewMessageToAppliaction -->
    </test> <!-- Default test -->
  </suite> <!-- Default suite -->
</testng-results>
