<?xml version="1.0" encoding="UTF-8"?>
<testng-results skipped="0" failed="0" total="2" passed="2">
  <reporter-output>
  </reporter-output>
  <suite name="Default suite" duration-ms="75365" started-at="2014-11-24T16:51:10Z" finished-at="2014-11-24T16:52:25Z">
    <groups>
    </groups>
    <test name="Default test" duration-ms="75365" started-at="2014-11-24T16:51:10Z" finished-at="2014-11-24T16:52:25Z">
      <class name="Tests.WhenUserRunApp">
        <test-method status="PASS" signature="setUp()[pri:0, instance:Tests.WhenUserRunApp@79a8885f]" name="setUp" is-config="true" duration-ms="49106" started-at="2014-11-24T17:51:10Z" finished-at="2014-11-24T17:51:59Z">
          <reporter-output>
          </reporter-output>
        </test-method> <!-- setUp -->
        <test-method status="PASS" signature="ShouldDisplayCloseButtonInSlide()[pri:0, instance:Tests.WhenUserRunApp@79a8885f]" name="ShouldDisplayCloseButtonInSlide" duration-ms="400" started-at="2014-11-24T17:51:59Z" finished-at="2014-11-24T17:51:59Z">
          <reporter-output>
          </reporter-output>
        </test-method> <!-- ShouldDisplayCloseButtonInSlide -->
        <test-method status="PASS" signature="ShouldSwipAllSlideAndDisplaySharingButton()[pri:0, instance:Tests.WhenUserRunApp@79a8885f]" name="ShouldSwipAllSlideAndDisplaySharingButton" duration-ms="22550" started-at="2014-11-24T17:52:01Z" finished-at="2014-11-24T17:52:23Z">
          <reporter-output>
          </reporter-output>
        </test-method> <!-- ShouldSwipAllSlideAndDisplaySharingButton -->
        <test-method status="PASS" signature="ScreenshotWhenFail(org.testng.ITestResult)[pri:0, instance:Tests.WhenUserRunApp@79a8885f]" name="ScreenshotWhenFail" is-config="true" duration-ms="0" started-at="2014-11-24T17:52:01Z" finished-at="2014-11-24T17:52:01Z">
          <params>
            <param index="0">
              <value>
                <![CDATA[[TestResult name=ShouldDisplayCloseButtonInSlide status=SUCCESS method=WhenUserRunApp.ShouldDisplayCloseButtonInSlide()[pri:0, instance:Tests.WhenUserRunApp@79a8885f] output={null}]]]>
              </value>
            </param>
          </params>
          <reporter-output>
          </reporter-output>
        </test-method> <!-- ScreenshotWhenFail -->
        <test-method status="PASS" signature="ScreenshotWhenFail(org.testng.ITestResult)[pri:0, instance:Tests.WhenUserRunApp@79a8885f]" name="ScreenshotWhenFail" is-config="true" duration-ms="0" started-at="2014-11-24T17:52:24Z" finished-at="2014-11-24T17:52:24Z">
          <params>
            <param index="0">
              <value>
                <![CDATA[[TestResult name=ShouldSwipAllSlideAndDisplaySharingButton status=SUCCESS method=WhenUserRunApp.ShouldSwipAllSlideAndDisplaySharingButton()[pri:0, instance:Tests.WhenUserRunApp@79a8885f] output={null}]]]>
              </value>
            </param>
          </params>
          <reporter-output>
          </reporter-output>
        </test-method> <!-- ScreenshotWhenFail -->
        <test-method status="PASS" signature="tearDown()[pri:0, instance:Tests.WhenUserRunApp@79a8885f]" name="tearDown" is-config="true" duration-ms="1120" started-at="2014-11-24T17:52:24Z" finished-at="2014-11-24T17:52:25Z">
          <reporter-output>
          </reporter-output>
        </test-method> <!-- tearDown -->
      </class> <!-- Tests.WhenUserRunApp -->
    </test> <!-- Default test -->
  </suite> <!-- Default suite -->
</testng-results>
