<?xml version="1.0" encoding="UTF-8"?>
<testng-results skipped="0" failed="0" total="14" passed="14">
  <reporter-output>
  </reporter-output>
  <suite name="Default suite" duration-ms="103455" started-at="2014-11-25T19:36:08Z" finished-at="2014-11-25T19:37:52Z">
    <groups>
    </groups>
    <test name="Default test" duration-ms="103455" started-at="2014-11-25T19:36:08Z" finished-at="2014-11-25T19:37:52Z">
      <class name="Tests.WhenUserDisplayedAddNewTextMessageView">
        <test-method status="PASS" signature="setUp()[pri:0, instance:Tests.WhenUserDisplayedAddNewTextMessageView@67aff9e8]" name="setUp" is-config="true" duration-ms="67316" started-at="2014-11-25T20:36:08Z" finished-at="2014-11-25T20:37:16Z">
          <reporter-output>
          </reporter-output>
        </test-method> <!-- setUp -->
        <test-method status="PASS" signature="CheckboxInFilterShouldBeLinked(java.lang.String, java.lang.Integer)[pri:0, instance:Tests.WhenUserDisplayedAddNewTextMessageView@67aff9e8]" name="CheckboxInFilterShouldBeLinked" duration-ms="2851" started-at="2014-11-25T20:37:16Z" data-provider="Filter" finished-at="2014-11-25T20:37:18Z">
          <params>
            <param index="0">
              <value>
                <![CDATA[Entire Alumni Program]]>
              </value>
            </param>
            <param index="1">
              <value>
                <![CDATA[1]]>
              </value>
            </param>
          </params>
          <reporter-output>
          </reporter-output>
        </test-method> <!-- CheckboxInFilterShouldBeLinked -->
        <test-method status="PASS" signature="BackToWallPage()[pri:0, instance:Tests.WhenUserDisplayedAddNewTextMessageView@67aff9e8]" name="BackToWallPage" is-config="true" duration-ms="1" started-at="2014-11-25T20:37:21Z" finished-at="2014-11-25T20:37:21Z">
          <reporter-output>
          </reporter-output>
        </test-method> <!-- BackToWallPage -->
        <test-method status="PASS" signature="ScreenshotWhenFail(org.testng.ITestResult)[pri:0, instance:Tests.WhenUserDisplayedAddNewTextMessageView@67aff9e8]" name="ScreenshotWhenFail" is-config="true" duration-ms="2" started-at="2014-11-25T20:37:21Z" finished-at="2014-11-25T20:37:21Z">
          <params>
            <param index="0">
              <value>
                <![CDATA[[TestResult name=CheckboxInFilterShouldBeLinked status=SUCCESS method=WhenUserDisplayedAddNewTextMessageView.CheckboxInFilterShouldBeLinked(java.lang.String, java.lang.Integer)[pri:0, instance:Tests.WhenUserDisplayedAddNewTextMessageView@67aff9e8] output={null}]]]>
              </value>
            </param>
          </params>
          <reporter-output>
          </reporter-output>
        </test-method> <!-- ScreenshotWhenFail -->
        <test-method status="PASS" signature="CheckboxInFilterShouldBeLinked(java.lang.String, java.lang.Integer)[pri:0, instance:Tests.WhenUserDisplayedAddNewTextMessageView@67aff9e8]" name="CheckboxInFilterShouldBeLinked" duration-ms="3044" started-at="2014-11-25T20:37:21Z" data-provider="Filter" finished-at="2014-11-25T20:37:24Z">
          <params>
            <param index="0">
              <value>
                <![CDATA[Entire Family Program]]>
              </value>
            </param>
            <param index="1">
              <value>
                <![CDATA[2]]>
              </value>
            </param>
          </params>
          <reporter-output>
          </reporter-output>
        </test-method> <!-- CheckboxInFilterShouldBeLinked -->
        <test-method status="PASS" signature="BackToWallPage()[pri:0, instance:Tests.WhenUserDisplayedAddNewTextMessageView@67aff9e8]" name="BackToWallPage" is-config="true" duration-ms="1" started-at="2014-11-25T20:37:25Z" finished-at="2014-11-25T20:37:25Z">
          <reporter-output>
          </reporter-output>
        </test-method> <!-- BackToWallPage -->
        <test-method status="PASS" signature="ScreenshotWhenFail(org.testng.ITestResult)[pri:0, instance:Tests.WhenUserDisplayedAddNewTextMessageView@67aff9e8]" name="ScreenshotWhenFail" is-config="true" duration-ms="1" started-at="2014-11-25T20:37:25Z" finished-at="2014-11-25T20:37:25Z">
          <params>
            <param index="0">
              <value>
                <![CDATA[[TestResult name=CheckboxInFilterShouldBeLinked status=SUCCESS method=WhenUserDisplayedAddNewTextMessageView.CheckboxInFilterShouldBeLinked(java.lang.String, java.lang.Integer)[pri:0, instance:Tests.WhenUserDisplayedAddNewTextMessageView@67aff9e8] output={null}]]]>
              </value>
            </param>
          </params>
          <reporter-output>
          </reporter-output>
        </test-method> <!-- ScreenshotWhenFail -->
        <test-method status="PASS" signature="CheckboxInFilterShouldBeLinked(java.lang.String, java.lang.Integer)[pri:0, instance:Tests.WhenUserDisplayedAddNewTextMessageView@67aff9e8]" name="CheckboxInFilterShouldBeLinked" duration-ms="2716" started-at="2014-11-25T20:37:25Z" data-provider="Filter" finished-at="2014-11-25T20:37:28Z">
          <params>
            <param index="0">
              <value>
                <![CDATA[People you are following]]>
              </value>
            </param>
            <param index="1">
              <value>
                <![CDATA[1]]>
              </value>
            </param>
          </params>
          <reporter-output>
          </reporter-output>
        </test-method> <!-- CheckboxInFilterShouldBeLinked -->
        <test-method status="PASS" signature="BackToWallPage()[pri:0, instance:Tests.WhenUserDisplayedAddNewTextMessageView@67aff9e8]" name="BackToWallPage" is-config="true" duration-ms="1" started-at="2014-11-25T20:37:28Z" finished-at="2014-11-25T20:37:28Z">
          <reporter-output>
          </reporter-output>
        </test-method> <!-- BackToWallPage -->
        <test-method status="PASS" signature="ScreenshotWhenFail(org.testng.ITestResult)[pri:0, instance:Tests.WhenUserDisplayedAddNewTextMessageView@67aff9e8]" name="ScreenshotWhenFail" is-config="true" duration-ms="1" started-at="2014-11-25T20:37:28Z" finished-at="2014-11-25T20:37:28Z">
          <params>
            <param index="0">
              <value>
                <![CDATA[[TestResult name=CheckboxInFilterShouldBeLinked status=SUCCESS method=WhenUserDisplayedAddNewTextMessageView.CheckboxInFilterShouldBeLinked(java.lang.String, java.lang.Integer)[pri:0, instance:Tests.WhenUserDisplayedAddNewTextMessageView@67aff9e8] output={null}]]]>
              </value>
            </param>
          </params>
          <reporter-output>
          </reporter-output>
        </test-method> <!-- ScreenshotWhenFail -->
        <test-method status="PASS" signature="CheckboxInFilterShouldBeLinked(java.lang.String, java.lang.Integer)[pri:0, instance:Tests.WhenUserDisplayedAddNewTextMessageView@67aff9e8]" name="CheckboxInFilterShouldBeLinked" duration-ms="2862" started-at="2014-11-25T20:37:28Z" data-provider="Filter" finished-at="2014-11-25T20:37:31Z">
          <params>
            <param index="0">
              <value>
                <![CDATA[People following you]]>
              </value>
            </param>
            <param index="1">
              <value>
                <![CDATA[2]]>
              </value>
            </param>
          </params>
          <reporter-output>
          </reporter-output>
        </test-method> <!-- CheckboxInFilterShouldBeLinked -->
        <test-method status="PASS" signature="BackToWallPage()[pri:0, instance:Tests.WhenUserDisplayedAddNewTextMessageView@67aff9e8]" name="BackToWallPage" is-config="true" duration-ms="1" started-at="2014-11-25T20:37:32Z" finished-at="2014-11-25T20:37:32Z">
          <reporter-output>
          </reporter-output>
        </test-method> <!-- BackToWallPage -->
        <test-method status="PASS" signature="ScreenshotWhenFail(org.testng.ITestResult)[pri:0, instance:Tests.WhenUserDisplayedAddNewTextMessageView@67aff9e8]" name="ScreenshotWhenFail" is-config="true" duration-ms="0" started-at="2014-11-25T20:37:32Z" finished-at="2014-11-25T20:37:32Z">
          <params>
            <param index="0">
              <value>
                <![CDATA[[TestResult name=CheckboxInFilterShouldBeLinked status=SUCCESS method=WhenUserDisplayedAddNewTextMessageView.CheckboxInFilterShouldBeLinked(java.lang.String, java.lang.Integer)[pri:0, instance:Tests.WhenUserDisplayedAddNewTextMessageView@67aff9e8] output={null}]]]>
              </value>
            </param>
          </params>
          <reporter-output>
          </reporter-output>
        </test-method> <!-- ScreenshotWhenFail -->
        <test-method status="PASS" signature="CheckboxInFilterShouldBeLinked(java.lang.String, java.lang.Integer)[pri:0, instance:Tests.WhenUserDisplayedAddNewTextMessageView@67aff9e8]" name="CheckboxInFilterShouldBeLinked" duration-ms="3121" started-at="2014-11-25T20:37:32Z" data-provider="Filter" finished-at="2014-11-25T20:37:35Z">
          <params>
            <param index="0">
              <value>
                <![CDATA[Only with men]]>
              </value>
            </param>
            <param index="1">
              <value>
                <![CDATA[3]]>
              </value>
            </param>
          </params>
          <reporter-output>
          </reporter-output>
        </test-method> <!-- CheckboxInFilterShouldBeLinked -->
        <test-method status="PASS" signature="BackToWallPage()[pri:0, instance:Tests.WhenUserDisplayedAddNewTextMessageView@67aff9e8]" name="BackToWallPage" is-config="true" duration-ms="1" started-at="2014-11-25T20:37:36Z" finished-at="2014-11-25T20:37:36Z">
          <reporter-output>
          </reporter-output>
        </test-method> <!-- BackToWallPage -->
        <test-method status="PASS" signature="ScreenshotWhenFail(org.testng.ITestResult)[pri:0, instance:Tests.WhenUserDisplayedAddNewTextMessageView@67aff9e8]" name="ScreenshotWhenFail" is-config="true" duration-ms="1" started-at="2014-11-25T20:37:36Z" finished-at="2014-11-25T20:37:36Z">
          <params>
            <param index="0">
              <value>
                <![CDATA[[TestResult name=CheckboxInFilterShouldBeLinked status=SUCCESS method=WhenUserDisplayedAddNewTextMessageView.CheckboxInFilterShouldBeLinked(java.lang.String, java.lang.Integer)[pri:0, instance:Tests.WhenUserDisplayedAddNewTextMessageView@67aff9e8] output={null}]]]>
              </value>
            </param>
          </params>
          <reporter-output>
          </reporter-output>
        </test-method> <!-- ScreenshotWhenFail -->
        <test-method status="PASS" signature="CheckboxInFilterShouldBeLinked(java.lang.String, java.lang.Integer)[pri:0, instance:Tests.WhenUserDisplayedAddNewTextMessageView@67aff9e8]" name="CheckboxInFilterShouldBeLinked" duration-ms="2821" started-at="2014-11-25T20:37:36Z" data-provider="Filter" finished-at="2014-11-25T20:37:39Z">
          <params>
            <param index="0">
              <value>
                <![CDATA[Select specific followers]]>
              </value>
            </param>
            <param index="1">
              <value>
                <![CDATA[2]]>
              </value>
            </param>
          </params>
          <reporter-output>
          </reporter-output>
        </test-method> <!-- CheckboxInFilterShouldBeLinked -->
        <test-method status="PASS" signature="BackToWallPage()[pri:0, instance:Tests.WhenUserDisplayedAddNewTextMessageView@67aff9e8]" name="BackToWallPage" is-config="true" duration-ms="1" started-at="2014-11-25T20:37:39Z" finished-at="2014-11-25T20:37:39Z">
          <reporter-output>
          </reporter-output>
        </test-method> <!-- BackToWallPage -->
        <test-method status="PASS" signature="ScreenshotWhenFail(org.testng.ITestResult)[pri:0, instance:Tests.WhenUserDisplayedAddNewTextMessageView@67aff9e8]" name="ScreenshotWhenFail" is-config="true" duration-ms="1" started-at="2014-11-25T20:37:39Z" finished-at="2014-11-25T20:37:39Z">
          <params>
            <param index="0">
              <value>
                <![CDATA[[TestResult name=CheckboxInFilterShouldBeLinked status=SUCCESS method=WhenUserDisplayedAddNewTextMessageView.CheckboxInFilterShouldBeLinked(java.lang.String, java.lang.Integer)[pri:0, instance:Tests.WhenUserDisplayedAddNewTextMessageView@67aff9e8] output={null}]]]>
              </value>
            </param>
          </params>
          <reporter-output>
          </reporter-output>
        </test-method> <!-- ScreenshotWhenFail -->
        <test-method status="PASS" signature="PageShouldHaveCorrectTitle()[pri:0, instance:Tests.WhenUserDisplayedAddNewTextMessageView@67aff9e8]" name="PageShouldHaveCorrectTitle" duration-ms="518" started-at="2014-11-25T20:37:39Z" finished-at="2014-11-25T20:37:39Z">
          <reporter-output>
          </reporter-output>
        </test-method> <!-- PageShouldHaveCorrectTitle -->
        <test-method status="PASS" signature="BackToWallPage()[pri:0, instance:Tests.WhenUserDisplayedAddNewTextMessageView@67aff9e8]" name="BackToWallPage" is-config="true" duration-ms="1" started-at="2014-11-25T20:37:40Z" finished-at="2014-11-25T20:37:40Z">
          <reporter-output>
          </reporter-output>
        </test-method> <!-- BackToWallPage -->
        <test-method status="PASS" signature="ScreenshotWhenFail(org.testng.ITestResult)[pri:0, instance:Tests.WhenUserDisplayedAddNewTextMessageView@67aff9e8]" name="ScreenshotWhenFail" is-config="true" duration-ms="0" started-at="2014-11-25T20:37:40Z" finished-at="2014-11-25T20:37:40Z">
          <params>
            <param index="0">
              <value>
                <![CDATA[[TestResult name=PageShouldHaveCorrectTitle status=SUCCESS method=WhenUserDisplayedAddNewTextMessageView.PageShouldHaveCorrectTitle()[pri:0, instance:Tests.WhenUserDisplayedAddNewTextMessageView@67aff9e8] output={null}]]]>
              </value>
            </param>
          </params>
          <reporter-output>
          </reporter-output>
        </test-method> <!-- ScreenshotWhenFail -->
        <test-method status="PASS" signature="PageShouldHaveFewParameters(java.lang.String, java.lang.Integer)[pri:0, instance:Tests.WhenUserDisplayedAddNewTextMessageView@67aff9e8]" name="PageShouldHaveFewParameters" duration-ms="587" started-at="2014-11-25T20:37:40Z" data-provider="Filter" finished-at="2014-11-25T20:37:40Z">
          <params>
            <param index="0">
              <value>
                <![CDATA[Entire Alumni Program]]>
              </value>
            </param>
            <param index="1">
              <value>
                <![CDATA[1]]>
              </value>
            </param>
          </params>
          <reporter-output>
          </reporter-output>
        </test-method> <!-- PageShouldHaveFewParameters -->
        <test-method status="PASS" signature="BackToWallPage()[pri:0, instance:Tests.WhenUserDisplayedAddNewTextMessageView@67aff9e8]" name="BackToWallPage" is-config="true" duration-ms="1" started-at="2014-11-25T20:37:40Z" finished-at="2014-11-25T20:37:40Z">
          <reporter-output>
          </reporter-output>
        </test-method> <!-- BackToWallPage -->
        <test-method status="PASS" signature="ScreenshotWhenFail(org.testng.ITestResult)[pri:0, instance:Tests.WhenUserDisplayedAddNewTextMessageView@67aff9e8]" name="ScreenshotWhenFail" is-config="true" duration-ms="1" started-at="2014-11-25T20:37:40Z" finished-at="2014-11-25T20:37:40Z">
          <params>
            <param index="0">
              <value>
                <![CDATA[[TestResult name=PageShouldHaveFewParameters status=SUCCESS method=WhenUserDisplayedAddNewTextMessageView.PageShouldHaveFewParameters(java.lang.String, java.lang.Integer)[pri:0, instance:Tests.WhenUserDisplayedAddNewTextMessageView@67aff9e8] output={null}]]]>
              </value>
            </param>
          </params>
          <reporter-output>
          </reporter-output>
        </test-method> <!-- ScreenshotWhenFail -->
        <test-method status="PASS" signature="PageShouldHaveFewParameters(java.lang.String, java.lang.Integer)[pri:0, instance:Tests.WhenUserDisplayedAddNewTextMessageView@67aff9e8]" name="PageShouldHaveFewParameters" duration-ms="670" started-at="2014-11-25T20:37:40Z" data-provider="Filter" finished-at="2014-11-25T20:37:41Z">
          <params>
            <param index="0">
              <value>
                <![CDATA[Entire Family Program]]>
              </value>
            </param>
            <param index="1">
              <value>
                <![CDATA[2]]>
              </value>
            </param>
          </params>
          <reporter-output>
          </reporter-output>
        </test-method> <!-- PageShouldHaveFewParameters -->
        <test-method status="PASS" signature="ScreenshotWhenFail(org.testng.ITestResult)[pri:0, instance:Tests.WhenUserDisplayedAddNewTextMessageView@67aff9e8]" name="ScreenshotWhenFail" is-config="true" duration-ms="1" started-at="2014-11-25T20:37:41Z" finished-at="2014-11-25T20:37:41Z">
          <params>
            <param index="0">
              <value>
                <![CDATA[[TestResult name=PageShouldHaveFewParameters status=SUCCESS method=WhenUserDisplayedAddNewTextMessageView.PageShouldHaveFewParameters(java.lang.String, java.lang.Integer)[pri:0, instance:Tests.WhenUserDisplayedAddNewTextMessageView@67aff9e8] output={null}]]]>
              </value>
            </param>
          </params>
          <reporter-output>
          </reporter-output>
        </test-method> <!-- ScreenshotWhenFail -->
        <test-method status="PASS" signature="BackToWallPage()[pri:0, instance:Tests.WhenUserDisplayedAddNewTextMessageView@67aff9e8]" name="BackToWallPage" is-config="true" duration-ms="0" started-at="2014-11-25T20:37:41Z" finished-at="2014-11-25T20:37:41Z">
          <reporter-output>
          </reporter-output>
        </test-method> <!-- BackToWallPage -->
        <test-method status="PASS" signature="PageShouldHaveFewParameters(java.lang.String, java.lang.Integer)[pri:0, instance:Tests.WhenUserDisplayedAddNewTextMessageView@67aff9e8]" name="PageShouldHaveFewParameters" duration-ms="460" started-at="2014-11-25T20:37:41Z" data-provider="Filter" finished-at="2014-11-25T20:37:42Z">
          <params>
            <param index="0">
              <value>
                <![CDATA[People you are following]]>
              </value>
            </param>
            <param index="1">
              <value>
                <![CDATA[1]]>
              </value>
            </param>
          </params>
          <reporter-output>
          </reporter-output>
        </test-method> <!-- PageShouldHaveFewParameters -->
        <test-method status="PASS" signature="ScreenshotWhenFail(org.testng.ITestResult)[pri:0, instance:Tests.WhenUserDisplayedAddNewTextMessageView@67aff9e8]" name="ScreenshotWhenFail" is-config="true" duration-ms="1" started-at="2014-11-25T20:37:42Z" finished-at="2014-11-25T20:37:42Z">
          <params>
            <param index="0">
              <value>
                <![CDATA[[TestResult name=PageShouldHaveFewParameters status=SUCCESS method=WhenUserDisplayedAddNewTextMessageView.PageShouldHaveFewParameters(java.lang.String, java.lang.Integer)[pri:0, instance:Tests.WhenUserDisplayedAddNewTextMessageView@67aff9e8] output={null}]]]>
              </value>
            </param>
          </params>
          <reporter-output>
          </reporter-output>
        </test-method> <!-- ScreenshotWhenFail -->
        <test-method status="PASS" signature="BackToWallPage()[pri:0, instance:Tests.WhenUserDisplayedAddNewTextMessageView@67aff9e8]" name="BackToWallPage" is-config="true" duration-ms="0" started-at="2014-11-25T20:37:42Z" finished-at="2014-11-25T20:37:42Z">
          <reporter-output>
          </reporter-output>
        </test-method> <!-- BackToWallPage -->
        <test-method status="PASS" signature="PageShouldHaveFewParameters(java.lang.String, java.lang.Integer)[pri:0, instance:Tests.WhenUserDisplayedAddNewTextMessageView@67aff9e8]" name="PageShouldHaveFewParameters" duration-ms="487" started-at="2014-11-25T20:37:42Z" data-provider="Filter" finished-at="2014-11-25T20:37:43Z">
          <params>
            <param index="0">
              <value>
                <![CDATA[People following you]]>
              </value>
            </param>
            <param index="1">
              <value>
                <![CDATA[2]]>
              </value>
            </param>
          </params>
          <reporter-output>
          </reporter-output>
        </test-method> <!-- PageShouldHaveFewParameters -->
        <test-method status="PASS" signature="BackToWallPage()[pri:0, instance:Tests.WhenUserDisplayedAddNewTextMessageView@67aff9e8]" name="BackToWallPage" is-config="true" duration-ms="0" started-at="2014-11-25T20:37:46Z" finished-at="2014-11-25T20:37:46Z">
          <reporter-output>
          </reporter-output>
        </test-method> <!-- BackToWallPage -->
        <test-method status="PASS" signature="ScreenshotWhenFail(org.testng.ITestResult)[pri:0, instance:Tests.WhenUserDisplayedAddNewTextMessageView@67aff9e8]" name="ScreenshotWhenFail" is-config="true" duration-ms="1" started-at="2014-11-25T20:37:46Z" finished-at="2014-11-25T20:37:46Z">
          <params>
            <param index="0">
              <value>
                <![CDATA[[TestResult name=PageShouldHaveFewParameters status=SUCCESS method=WhenUserDisplayedAddNewTextMessageView.PageShouldHaveFewParameters(java.lang.String, java.lang.Integer)[pri:0, instance:Tests.WhenUserDisplayedAddNewTextMessageView@67aff9e8] output={null}]]]>
              </value>
            </param>
          </params>
          <reporter-output>
          </reporter-output>
        </test-method> <!-- ScreenshotWhenFail -->
        <test-method status="PASS" signature="PageShouldHaveFewParameters(java.lang.String, java.lang.Integer)[pri:0, instance:Tests.WhenUserDisplayedAddNewTextMessageView@67aff9e8]" name="PageShouldHaveFewParameters" duration-ms="431" started-at="2014-11-25T20:37:46Z" data-provider="Filter" finished-at="2014-11-25T20:37:47Z">
          <params>
            <param index="0">
              <value>
                <![CDATA[Only with men]]>
              </value>
            </param>
            <param index="1">
              <value>
                <![CDATA[3]]>
              </value>
            </param>
          </params>
          <reporter-output>
          </reporter-output>
        </test-method> <!-- PageShouldHaveFewParameters -->
        <test-method status="PASS" signature="ScreenshotWhenFail(org.testng.ITestResult)[pri:0, instance:Tests.WhenUserDisplayedAddNewTextMessageView@67aff9e8]" name="ScreenshotWhenFail" is-config="true" duration-ms="1" started-at="2014-11-25T20:37:47Z" finished-at="2014-11-25T20:37:47Z">
          <params>
            <param index="0">
              <value>
                <![CDATA[[TestResult name=PageShouldHaveFewParameters status=SUCCESS method=WhenUserDisplayedAddNewTextMessageView.PageShouldHaveFewParameters(java.lang.String, java.lang.Integer)[pri:0, instance:Tests.WhenUserDisplayedAddNewTextMessageView@67aff9e8] output={null}]]]>
              </value>
            </param>
          </params>
          <reporter-output>
          </reporter-output>
        </test-method> <!-- ScreenshotWhenFail -->
        <test-method status="PASS" signature="BackToWallPage()[pri:0, instance:Tests.WhenUserDisplayedAddNewTextMessageView@67aff9e8]" name="BackToWallPage" is-config="true" duration-ms="0" started-at="2014-11-25T20:37:47Z" finished-at="2014-11-25T20:37:47Z">
          <reporter-output>
          </reporter-output>
        </test-method> <!-- BackToWallPage -->
        <test-method status="PASS" signature="PageShouldHaveFewParameters(java.lang.String, java.lang.Integer)[pri:0, instance:Tests.WhenUserDisplayedAddNewTextMessageView@67aff9e8]" name="PageShouldHaveFewParameters" duration-ms="472" started-at="2014-11-25T20:37:47Z" data-provider="Filter" finished-at="2014-11-25T20:37:47Z">
          <params>
            <param index="0">
              <value>
                <![CDATA[Select specific followers]]>
              </value>
            </param>
            <param index="1">
              <value>
                <![CDATA[2]]>
              </value>
            </param>
          </params>
          <reporter-output>
          </reporter-output>
        </test-method> <!-- PageShouldHaveFewParameters -->
        <test-method status="PASS" signature="BackToWallPage()[pri:0, instance:Tests.WhenUserDisplayedAddNewTextMessageView@67aff9e8]" name="BackToWallPage" is-config="true" duration-ms="1" started-at="2014-11-25T20:37:48Z" finished-at="2014-11-25T20:37:48Z">
          <reporter-output>
          </reporter-output>
        </test-method> <!-- BackToWallPage -->
        <test-method status="PASS" signature="ScreenshotWhenFail(org.testng.ITestResult)[pri:0, instance:Tests.WhenUserDisplayedAddNewTextMessageView@67aff9e8]" name="ScreenshotWhenFail" is-config="true" duration-ms="1" started-at="2014-11-25T20:37:48Z" finished-at="2014-11-25T20:37:48Z">
          <params>
            <param index="0">
              <value>
                <![CDATA[[TestResult name=PageShouldHaveFewParameters status=SUCCESS method=WhenUserDisplayedAddNewTextMessageView.PageShouldHaveFewParameters(java.lang.String, java.lang.Integer)[pri:0, instance:Tests.WhenUserDisplayedAddNewTextMessageView@67aff9e8] output={null}]]]>
              </value>
            </param>
          </params>
          <reporter-output>
          </reporter-output>
        </test-method> <!-- ScreenshotWhenFail -->
        <test-method status="PASS" signature="PageShouldHaveTextControlAndDoneButton()[pri:0, instance:Tests.WhenUserDisplayedAddNewTextMessageView@67aff9e8]" name="PageShouldHaveTextControlAndDoneButton" duration-ms="1156" started-at="2014-11-25T20:37:48Z" finished-at="2014-11-25T20:37:50Z">
          <reporter-output>
          </reporter-output>
        </test-method> <!-- PageShouldHaveTextControlAndDoneButton -->
        <test-method status="PASS" signature="BackToWallPage()[pri:0, instance:Tests.WhenUserDisplayedAddNewTextMessageView@67aff9e8]" name="BackToWallPage" is-config="true" duration-ms="0" started-at="2014-11-25T20:37:50Z" finished-at="2014-11-25T20:37:50Z">
          <reporter-output>
          </reporter-output>
        </test-method> <!-- BackToWallPage -->
        <test-method status="PASS" signature="ScreenshotWhenFail(org.testng.ITestResult)[pri:0, instance:Tests.WhenUserDisplayedAddNewTextMessageView@67aff9e8]" name="ScreenshotWhenFail" is-config="true" duration-ms="1" started-at="2014-11-25T20:37:50Z" finished-at="2014-11-25T20:37:50Z">
          <params>
            <param index="0">
              <value>
                <![CDATA[[TestResult name=PageShouldHaveTextControlAndDoneButton status=SUCCESS method=WhenUserDisplayedAddNewTextMessageView.PageShouldHaveTextControlAndDoneButton()[pri:0, instance:Tests.WhenUserDisplayedAddNewTextMessageView@67aff9e8] output={null}]]]>
              </value>
            </param>
          </params>
          <reporter-output>
          </reporter-output>
        </test-method> <!-- ScreenshotWhenFail -->
        <test-method status="PASS" signature="tearDown()[pri:0, instance:Tests.WhenUserDisplayedAddNewTextMessageView@67aff9e8]" name="tearDown" is-config="true" duration-ms="1207" started-at="2014-11-25T20:37:50Z" finished-at="2014-11-25T20:37:52Z">
          <reporter-output>
          </reporter-output>
        </test-method> <!-- tearDown -->
      </class> <!-- Tests.WhenUserDisplayedAddNewTextMessageView -->
    </test> <!-- Default test -->
  </suite> <!-- Default suite -->
</testng-results>
