<?xml version="1.0" encoding="UTF-8"?>
<testng-results skipped="0" failed="0" total="1" passed="1">
  <reporter-output>
  </reporter-output>
  <suite name="Default suite" duration-ms="98032" started-at="2014-12-04T19:36:52Z" finished-at="2014-12-04T19:38:30Z">
    <groups>
    </groups>
    <test name="Default test" duration-ms="98032" started-at="2014-12-04T19:36:52Z" finished-at="2014-12-04T19:38:30Z">
      <class name="Tests.WhenUserEditProfile">
        <test-method status="PASS" signature="setUp()[pri:0, instance:Tests.WhenUserEditProfile@3e7f2b47]" name="setUp" is-config="true" duration-ms="95743" started-at="2014-12-04T20:36:52Z" finished-at="2014-12-04T20:38:28Z">
          <reporter-output>
          </reporter-output>
        </test-method> <!-- setUp -->
        <test-method status="PASS" signature="PageShouldHaveCorrectTitle()[pri:0, instance:Tests.WhenUserEditProfile@3e7f2b47]" name="PageShouldHaveCorrectTitle" duration-ms="647" started-at="2014-12-04T20:38:28Z" finished-at="2014-12-04T20:38:28Z">
          <reporter-output>
          </reporter-output>
        </test-method> <!-- PageShouldHaveCorrectTitle -->
        <test-method status="PASS" signature="ScreenshotWhenFail(org.testng.ITestResult)[pri:0, instance:Tests.WhenUserEditProfile@3e7f2b47]" name="ScreenshotWhenFail" is-config="true" duration-ms="2" started-at="2014-12-04T20:38:30Z" finished-at="2014-12-04T20:38:30Z">
          <params>
            <param index="0">
              <value>
                <![CDATA[[TestResult name=PageShouldHaveCorrectTitle status=SUCCESS method=WhenUserEditProfile.PageShouldHaveCorrectTitle()[pri:0, instance:Tests.WhenUserEditProfile@3e7f2b47] output={null}]]]>
              </value>
            </param>
          </params>
          <reporter-output>
          </reporter-output>
        </test-method> <!-- ScreenshotWhenFail -->
      </class> <!-- Tests.WhenUserEditProfile -->
    </test> <!-- Default test -->
  </suite> <!-- Default suite -->
</testng-results>
