<?xml version="1.0" encoding="UTF-8"?>
<testng-results skipped="0" failed="0" total="5" passed="5">
  <reporter-output>
  </reporter-output>
  <suite name="Default suite" duration-ms="128246" started-at="2014-12-04T17:55:15Z" finished-at="2014-12-04T17:57:24Z">
    <groups>
    </groups>
    <test name="Default test" duration-ms="128246" started-at="2014-12-04T17:55:15Z" finished-at="2014-12-04T17:57:24Z">
      <class name="Tests.WhenUserDisplayedYourProfilePage">
        <test-method status="PASS" signature="setUp()[pri:0, instance:Tests.WhenUserDisplayedYourProfilePage@3173175]" name="setUp" is-config="true" duration-ms="90752" started-at="2014-12-04T18:55:15Z" finished-at="2014-12-04T18:56:46Z">
          <reporter-output>
          </reporter-output>
        </test-method> <!-- setUp -->
        <test-method status="PASS" signature="AddFollowingShouldIncreaseCounter()[pri:0, instance:Tests.WhenUserDisplayedYourProfilePage@3173175]" name="AddFollowingShouldIncreaseCounter" duration-ms="12865" started-at="2014-12-04T18:56:46Z" finished-at="2014-12-04T18:56:59Z">
          <reporter-output>
          </reporter-output>
        </test-method> <!-- AddFollowingShouldIncreaseCounter -->
        <test-method status="PASS" signature="ScreenshotWhenFail(org.testng.ITestResult)[pri:0, instance:Tests.WhenUserDisplayedYourProfilePage@3173175]" name="ScreenshotWhenFail" is-config="true" duration-ms="2" started-at="2014-12-04T18:57:02Z" finished-at="2014-12-04T18:57:02Z">
          <params>
            <param index="0">
              <value>
                <![CDATA[[TestResult name=AddFollowingShouldIncreaseCounter status=SUCCESS method=WhenUserDisplayedYourProfilePage.AddFollowingShouldIncreaseCounter()[pri:0, instance:Tests.WhenUserDisplayedYourProfilePage@3173175] output={null}]]]>
              </value>
            </param>
          </params>
          <reporter-output>
          </reporter-output>
        </test-method> <!-- ScreenshotWhenFail -->
        <test-method status="PASS" signature="PageShouldHaveCorrectTitle()[pri:0, instance:Tests.WhenUserDisplayedYourProfilePage@3173175]" name="PageShouldHaveCorrectTitle" duration-ms="654" started-at="2014-12-04T18:57:02Z" finished-at="2014-12-04T18:57:03Z">
          <reporter-output>
          </reporter-output>
        </test-method> <!-- PageShouldHaveCorrectTitle -->
        <test-method status="PASS" signature="ScreenshotWhenFail(org.testng.ITestResult)[pri:0, instance:Tests.WhenUserDisplayedYourProfilePage@3173175]" name="ScreenshotWhenFail" is-config="true" duration-ms="1" started-at="2014-12-04T18:57:04Z" finished-at="2014-12-04T18:57:04Z">
          <params>
            <param index="0">
              <value>
                <![CDATA[[TestResult name=PageShouldHaveCorrectTitle status=SUCCESS method=WhenUserDisplayedYourProfilePage.PageShouldHaveCorrectTitle()[pri:0, instance:Tests.WhenUserDisplayedYourProfilePage@3173175] output={null}]]]>
              </value>
            </param>
          </params>
          <reporter-output>
          </reporter-output>
        </test-method> <!-- ScreenshotWhenFail -->
        <test-method status="PASS" signature="PageShouldHaveEnebledFollowingFollowersVideosButton()[pri:0, instance:Tests.WhenUserDisplayedYourProfilePage@3173175]" name="PageShouldHaveEnebledFollowingFollowersVideosButton" duration-ms="1796" started-at="2014-12-04T18:57:04Z" finished-at="2014-12-04T18:57:06Z">
          <reporter-output>
          </reporter-output>
        </test-method> <!-- PageShouldHaveEnebledFollowingFollowersVideosButton -->
        <test-method status="PASS" signature="ScreenshotWhenFail(org.testng.ITestResult)[pri:0, instance:Tests.WhenUserDisplayedYourProfilePage@3173175]" name="ScreenshotWhenFail" is-config="true" duration-ms="1" started-at="2014-12-04T18:57:07Z" finished-at="2014-12-04T18:57:07Z">
          <params>
            <param index="0">
              <value>
                <![CDATA[[TestResult name=PageShouldHaveEnebledFollowingFollowersVideosButton status=SUCCESS method=WhenUserDisplayedYourProfilePage.PageShouldHaveEnebledFollowingFollowersVideosButton()[pri:0, instance:Tests.WhenUserDisplayedYourProfilePage@3173175] output={null}]]]>
              </value>
            </param>
          </params>
          <reporter-output>
          </reporter-output>
        </test-method> <!-- ScreenshotWhenFail -->
        <test-method status="PASS" signature="ShouldSeeAddedPost()[pri:0, instance:Tests.WhenUserDisplayedYourProfilePage@3173175]" name="ShouldSeeAddedPost" duration-ms="553" started-at="2014-12-04T18:57:07Z" finished-at="2014-12-04T18:57:07Z">
          <reporter-output>
          </reporter-output>
        </test-method> <!-- ShouldSeeAddedPost -->
        <test-method status="PASS" signature="ScreenshotWhenFail(org.testng.ITestResult)[pri:0, instance:Tests.WhenUserDisplayedYourProfilePage@3173175]" name="ScreenshotWhenFail" is-config="true" duration-ms="1" started-at="2014-12-04T18:57:09Z" finished-at="2014-12-04T18:57:09Z">
          <params>
            <param index="0">
              <value>
                <![CDATA[[TestResult name=ShouldSeeAddedPost status=SUCCESS method=WhenUserDisplayedYourProfilePage.ShouldSeeAddedPost()[pri:0, instance:Tests.WhenUserDisplayedYourProfilePage@3173175] output={null}]]]>
              </value>
            </param>
          </params>
          <reporter-output>
          </reporter-output>
        </test-method> <!-- ScreenshotWhenFail -->
        <test-method status="PASS" signature="SubtractFollowingShouldReduceCounter()[pri:0, instance:Tests.WhenUserDisplayedYourProfilePage@3173175]" name="SubtractFollowingShouldReduceCounter" duration-ms="12169" started-at="2014-12-04T18:57:09Z" finished-at="2014-12-04T18:57:21Z">
          <reporter-output>
          </reporter-output>
        </test-method> <!-- SubtractFollowingShouldReduceCounter -->
        <test-method status="PASS" signature="ScreenshotWhenFail(org.testng.ITestResult)[pri:0, instance:Tests.WhenUserDisplayedYourProfilePage@3173175]" name="ScreenshotWhenFail" is-config="true" duration-ms="1" started-at="2014-12-04T18:57:22Z" finished-at="2014-12-04T18:57:22Z">
          <params>
            <param index="0">
              <value>
                <![CDATA[[TestResult name=SubtractFollowingShouldReduceCounter status=SUCCESS method=WhenUserDisplayedYourProfilePage.SubtractFollowingShouldReduceCounter()[pri:0, instance:Tests.WhenUserDisplayedYourProfilePage@3173175] output={null}]]]>
              </value>
            </param>
          </params>
          <reporter-output>
          </reporter-output>
        </test-method> <!-- ScreenshotWhenFail -->
        <test-method status="PASS" signature="tearDown()[pri:0, instance:Tests.WhenUserDisplayedYourProfilePage@3173175]" name="tearDown" is-config="true" duration-ms="1203" started-at="2014-12-04T18:57:22Z" finished-at="2014-12-04T18:57:24Z">
          <reporter-output>
          </reporter-output>
        </test-method> <!-- tearDown -->
      </class> <!-- Tests.WhenUserDisplayedYourProfilePage -->
    </test> <!-- Default test -->
  </suite> <!-- Default suite -->
</testng-results>
