<?xml version="1.0" encoding="UTF-8"?>
<testng-results skipped="0" failed="0" total="1" passed="1">
  <reporter-output>
  </reporter-output>
  <suite name="Default suite" duration-ms="107325" started-at="2014-11-30T17:51:26Z" finished-at="2014-11-30T17:53:13Z">
    <groups>
    </groups>
    <test name="Default test" duration-ms="107325" started-at="2014-11-30T17:51:26Z" finished-at="2014-11-30T17:53:13Z">
      <class name="Tests.WhenUserAddNewMessageToAppliaction">
        <test-method status="PASS" signature="setUp()[pri:0, instance:Tests.WhenUserAddNewMessageToAppliaction@3993340f]" name="setUp" is-config="true" duration-ms="40854" started-at="2014-11-30T18:51:26Z" finished-at="2014-11-30T18:52:07Z">
          <reporter-output>
          </reporter-output>
        </test-method> <!-- setUp -->
        <test-method status="PASS" signature="MessageSchouldByPresentInProfileViewList()[pri:0, instance:Tests.WhenUserAddNewMessageToAppliaction@3993340f]" name="MessageSchouldByPresentInProfileViewList" duration-ms="62795" started-at="2014-11-30T18:52:07Z" finished-at="2014-11-30T18:53:09Z">
          <reporter-output>
          </reporter-output>
        </test-method> <!-- MessageSchouldByPresentInProfileViewList -->
        <test-method status="PASS" signature="BackToWallPage()[pri:0, instance:Tests.WhenUserAddNewMessageToAppliaction@3993340f]" name="BackToWallPage" is-config="true" duration-ms="505" started-at="2014-11-30T18:53:12Z" finished-at="2014-11-30T18:53:12Z">
          <reporter-output>
          </reporter-output>
        </test-method> <!-- BackToWallPage -->
        <test-method status="PASS" signature="ScreenshotWhenFail(org.testng.ITestResult)[pri:0, instance:Tests.WhenUserAddNewMessageToAppliaction@3993340f]" name="ScreenshotWhenFail" is-config="true" duration-ms="2" started-at="2014-11-30T18:53:12Z" finished-at="2014-11-30T18:53:12Z">
          <params>
            <param index="0">
              <value>
                <![CDATA[[TestResult name=MessageSchouldByPresentInProfileViewList status=SUCCESS method=WhenUserAddNewMessageToAppliaction.MessageSchouldByPresentInProfileViewList()[pri:0, instance:Tests.WhenUserAddNewMessageToAppliaction@3993340f] output={null}]]]>
              </value>
            </param>
          </params>
          <reporter-output>
          </reporter-output>
        </test-method> <!-- ScreenshotWhenFail -->
        <test-method status="PASS" signature="tearDown()[pri:0, instance:Tests.WhenUserAddNewMessageToAppliaction@3993340f]" name="tearDown" is-config="true" duration-ms="1083" started-at="2014-11-30T18:53:12Z" finished-at="2014-11-30T18:53:13Z">
          <reporter-output>
          </reporter-output>
        </test-method> <!-- tearDown -->
      </class> <!-- Tests.WhenUserAddNewMessageToAppliaction -->
    </test> <!-- Default test -->
  </suite> <!-- Default suite -->
</testng-results>
